<?xml version="1.0" encoding="UTF-8"?>
<testsuite xmlns:xsi="http://www.w3.org/2001/XMLSchema-instance" xsi:noNamespaceSchemaLocation="https://maven.apache.org/surefire/maven-surefire-plugin/xsd/surefire-test-report.xsd" name="ca.ulaval.glo2004.AppTest" time="0.056" tests="2" errors="0" skipped="0" failures="0">
  <properties>
[...]
</properties>
  <testcase name="exempleDuneAssertionJUnit" classname="ca.ulaval.glo2004.AppTest" time="0.003"/>
  <testcase name="exempleDuneAssertionGoogleTruth" classname="ca.ulaval.glo2004.AppTest" time="0.016"/>
</testsuite>